2014/08/17 3:45:52 にビルドを開始しました。
     1>ノード 2 上のプロジェクト "D:\makes\chatbot\chatbot.vcxproj" (Build ターゲット)。
     1>ClCompile:
         C:\Program Files (x86)\Microsoft Visual Studio 11.0\VC\bin\CL.exe /c /Zi /nologo /W3 /WX- /O2 /Oi /Oy- /GL /D WIN32 /D NDEBUG /D _CONSOLE /D _MBCS /Gm- /EHsc /MD /GS /Gy /fp:precise /Zc:wchar_t /Zc:forScope /Fo"Release\\" /Fd"Release\vc110.pdb" /Gd /TP /analyze- /errorReport:prompt Bot.cpp Dictionary.cpp Generater.cpp main.cpp Markov.cpp Word.cpp WordFactory.cpp
         Bot.cpp
         Dictionary.cpp
         Generater.cpp
         main.cpp
         Markov.cpp
         Word.cpp
         WordFactory.cpp
       Link:
         C:\Program Files (x86)\Microsoft Visual Studio 11.0\VC\bin\link.exe /ERRORREPORT:PROMPT /OUT:"D:\makes\chatbot\Release\chatbot.exe" /INCREMENTAL:NO /NOLOGO kernel32.lib user32.lib gdi32.lib winspool.lib comdlg32.lib advapi32.lib shell32.lib ole32.lib oleaut32.lib uuid.lib odbc32.lib odbccp32.lib /MANIFEST /MANIFESTUAC:"level='asInvoker' uiAccess='false'" /manifest:embed /DEBUG /PDB:"D:\makes\chatbot\Release\chatbot.pdb" /SUBSYSTEM:CONSOLE /OPT:REF /OPT:ICF /LTCG /TLBID:1 /DYNAMICBASE /NXCOMPAT /IMPLIB:"D:\makes\chatbot\Release\chatbot.lib" /MACHINE:X86 /SAFESEH Release\Bot.obj
         Release\Dictionary.obj
         Release\Generater.obj
         Release\main.obj
         Release\Markov.obj
         Release\Word.obj
         Release\WordFactory.obj
         コード生成しています。
         コード生成が終了しました。
         chatbot.vcxproj -> D:\makes\chatbot\Release\chatbot.exe
     1>プロジェクト "D:\makes\chatbot\chatbot.vcxproj" (Build ターゲット) のビルドが完了しました。

ビルドに成功しました。

経過時間 00:00:17.14
